\BOOKMARK [1][-]{section.1}{Introduction}{}% 1
\BOOKMARK [1][-]{section.2}{Underlying Physics}{}% 2
\BOOKMARK [2][-]{subsection.2.1}{Hydrodynamics}{section.2}% 3
\BOOKMARK [3][-]{subsubsection.2.1.1}{Derivation of the Equations of Ideal Hydrodynamics}{subsection.2.1}% 4
\BOOKMARK [3][-]{subsubsection.2.1.2}{Viscous Hydrodynamics}{subsection.2.1}% 5
\BOOKMARK [3][-]{subsubsection.2.1.3}{Hydrostatic Equilibrium in Stars}{subsection.2.1}% 6
\BOOKMARK [2][-]{subsection.2.2}{Transport of Energy by Radiation}{section.2}% 7
\BOOKMARK [3][-]{subsubsection.2.2.1}{Diffusion of radiative energy}{subsection.2.2}% 8
\BOOKMARK [3][-]{subsubsection.2.2.2}{The astrophysical }{subsection.2.2}% 9
\BOOKMARK [2][-]{subsection.2.3}{Fundamental Equations of Stellar Structure}{section.2}% 10
\BOOKMARK [2][-]{subsection.2.4}{Convection}{section.2}% 11
\BOOKMARK [3][-]{subsubsection.2.4.1}{Dynamical instability}{subsection.2.4}% 12
\BOOKMARK [2][-]{subsection.2.5}{Mixing length theory}{section.2}% 13
\BOOKMARK [3][-]{subsubsection.2.5.1}{Bulk-Richardson Number}{subsection.2.5}% 14
\BOOKMARK [1][-]{section.3}{Previous works}{}% 15
\BOOKMARK [2][-]{subsection.3.1}{Numerical simulations}{section.3}% 16
\BOOKMARK [1][-]{section.4}{Hydrodynamic Simulations}{}% 17
\BOOKMARK [2][-]{subsection.4.1}{Code Description}{section.4}% 18
\BOOKMARK [2][-]{subsection.4.2}{2D Simulations}{section.4}% 19
\BOOKMARK [3][-]{subsubsection.4.2.1}{Simulations setup}{subsection.4.2}% 20
\BOOKMARK [3][-]{subsubsection.4.2.2}{Evolution of a single run}{subsection.4.2}% 21
\BOOKMARK [3][-]{subsubsection.4.2.3}{Resolution study}{subsection.4.2}% 22
