\BOOKMARK [1][-]{section.1}{Introduction}{}% 1
\BOOKMARK [2][-]{subsection.1.1}{What is convection?}{section.1}% 2
\BOOKMARK [3][-]{subsubsection.1.1.1}{Convection in Astrophysics}{subsection.1.1}% 3
\BOOKMARK [3][-]{subsubsection.1.1.2}{Convection in Geophysics}{subsection.1.1}% 4
\BOOKMARK [3][-]{subsubsection.1.1.3}{Convection Somewhere Else}{subsection.1.1}% 5
\BOOKMARK [1][-]{section.2}{Underlying Physics}{}% 6
\BOOKMARK [2][-]{subsection.2.1}{Hydrodynamics}{section.2}% 7
\BOOKMARK [3][-]{subsubsection.2.1.1}{Derivation of the Equations of Ideal Hydrodynamics}{subsection.2.1}% 8
\BOOKMARK [3][-]{subsubsection.2.1.2}{Viscous Hydrodynamics}{subsection.2.1}% 9
\BOOKMARK [3][-]{subsubsection.2.1.3}{Hydrostatic Equilibrium in Stars}{subsection.2.1}% 10
\BOOKMARK [2][-]{subsection.2.2}{Transport of Energy by Radiation}{section.2}% 11
\BOOKMARK [3][-]{subsubsection.2.2.1}{Diffusion of radiative energy}{subsection.2.2}% 12
\BOOKMARK [3][-]{subsubsection.2.2.2}{The astrophysical }{subsection.2.2}% 13
\BOOKMARK [2][-]{subsection.2.3}{Fundamental Equations of Stellar Structure}{section.2}% 14
\BOOKMARK [2][-]{subsection.2.4}{Convection}{section.2}% 15
\BOOKMARK [3][-]{subsubsection.2.4.1}{Dynamical instability}{subsection.2.4}% 16
\BOOKMARK [3][-]{subsubsection.2.4.2}{Mixing length theory}{subsection.2.4}% 17
\BOOKMARK [3][-]{subsubsection.2.4.3}{Bulk Richardson}{subsection.2.4}% 18
\BOOKMARK [2][-]{subsection.2.5}{Il r'Hamiltoniana}{section.2}% 19
\BOOKMARK [1][-]{section.3}{Recent Works}{}% 20
\BOOKMARK [2][-]{subsection.3.1}{Il r e l'Hamiltoniana}{section.3}% 21
\BOOKMARK [1][-]{section.4}{Code Description}{}% 22
\BOOKMARK [2][-]{subsection.4.1}{ciao}{section.4}% 23
\BOOKMARK [1][-]{section.5}{Results}{}% 24
\BOOKMARK [2][-]{subsection.5.1}{ciao}{section.5}% 25
